10 3
12000 0 0 9623 400 12.50
12000 0 1 1761 4500 12.89
12000 0 2 244 12000 12.92
12000 1 0 465 400 12.46
12000 1 1 820 4500 12.93
12000 1 2 210 12000 12.97
12000 2 0 691 400 12.29
12000 2 1 1752 4500 12.95
12000 2 2 178 12000 12.99
12000 3 0 1484 400 12.20
12000 3 1 2029 4500 12.87
12000 3 2 474 12000 12.96
12000 4 0 1638 400 12.22
12000 4 1 3494 4500 13.33
12000 4 2 284 12000 13.40
12000 5 0 1182 400 12.28
12000 5 1 3638 4500 13.69
12000 5 2 176 12000 13.74
12000 6 0 2307 400 12.12
12000 6 1 5439 4500 14.31
12000 6 2 184 12000 14.42
12000 7 0 2283 400 11.88
12000 7 1 8602 4500 14.55
12000 7 2 153 12000 14.58
12000 8 0 837 400 11.44
12000 8 1 6215 4500 14.49
12000 8 2 192 12000 14.52
12000 9 0 1729 400 11.41
12000 9 1 6835 4500 14.88
12000 9 2 191 12000 14.90
12000 10 0 886 400 11.59
12000 10 1 7915 4500 15.36
12000 10 2 239 12000 15.39
12000 11 0 941 400 11.67
12000 11 1 4404 4500 15.71
12000 11 2 1100 12000 15.90
12000 12 0 1783 400 11.83
12000 12 1 8303 4500 16.05
12000 12 2 337 12000 16.11
12000 13 0 964 400 12.02
12000 13 1 7066 4500 16.55
12000 13 2 3358 12000 17.16
12000 14 0 2033 400 11.85
12000 14 1 13364 4500 17.09
12000 14 2 840 12000 17.30
12000 15 0 948 400 11.91
12000 15 1 5902 4500 17.22
12000 15 2 9211 12000 18.53
12000 16 0 1339 400 11.97
12000 16 1 17242 4500 17.90
12000 16 2 2097 12000 18.22
12000 17 0 1529 400 12.15
12000 17 1 9712 4500 18.12
12000 17 2 7444 12000 19.09
12000 18 0 1237 400 12.27
12000 18 1 11052 4500 18.61
12000 18 2 2170 12000 19.16
12000 19 0 3577 400 12.29
12000 19 1 24580 4500 19.59
12000 19 2 2513 12000 19.93
12000 20 0 1904 400 12.46
12000 20 1 26113 4500 20.14
12000 20 2 6326 12000 20.69
12000 21 0 1343 400 12.42
12000 21 1 12728 4500 20.10
12000 21 2 5319 12000 20.70
12000 22 0 1254 400 12.43
12000 22 1 15391 4500 20.05
12000 22 2 15640 12000 21.40
12000 23 0 1146 400 12.38
12000 23 1 14934 4500 20.25
12000 23 2 15264 12000 21.65
12000 24 0 1964 400 11.75
12000 24 1 37034 4500 21.34
12000 24 2 14592 12000 22.27
12000 25 0 942 400 11.93
12000 25 1 8147 4500 21.23
12000 25 2 16656 12000 22.55
12000 26 0 1650 400 12.04
12000 26 1 17393 4500 21.06
12000 26 2 23091 12000 22.77
12000 27 0 3131 400 11.48
12000 27 1 37188 4500 21.19
12000 27 2 32284 12000 23.24
12000 28 0 1104 400 11.19
12000 28 1 21089 4500 20.80
12000 28 2 33785 12000 23.20
12000 29 0 1565 400 11.61
12000 29 1 15876 4500 20.78
12000 29 2 37052 12000 23.76
12000 30 0 1266 400 11.42
12000 30 1 28421 4500 20.69
12000 30 2 51801 12000 23.94
12000 31 0 1583 400 11.16
12000 31 1 14072 4500 20.52
12000 31 2 36013 12000 23.73
12000 32 0 1188 400 11.01
12000 32 1 27783 4500 20.36
12000 32 2 54528 12000 23.80
12000 33 0 1533 400 11.64
12000 33 1 17172 4500 20.35
12000 33 2 29038 12000 23.50
12000 34 0 2361 400 11.10
12000 34 1 28180 4500 20.11
12000 34 2 54938 12000 23.79
12000 35 0 1018 400 11.22
12000 35 1 11895 4500 20.01
12000 35 2 24475 12000 23.39
12000 36 0 1363 400 11.39
12000 36 1 25804 4500 20.10
12000 36 2 51262 12000 23.78
12000 37 0 1253 400 11.72
12000 37 1 13943 4500 20.58
12000 37 2 29637 12000 23.81
12000 38 0 2120 400 11.42
12000 38 1 21161 4500 20.42
12000 38 2 45352 12000 23.80
12000 39 0 1712 400 11.31
12000 39 1 15959 4500 20.24
12000 39 2 35842 12000 23.52
12000 40 0 1085 400 10.93
12000 40 1 29740 4500 20.40
12000 40 2 52659 12000 23.69
12000 41 0 1392 400 10.97
12000 41 1 8528 4500 20.25
12000 41 2 20526 12000 23.35
12000 42 0 1386 400 11.00
12000 42 1 14125 4500 20.09
12000 42 2 40193 12000 23.57
12000 43 0 1219 400 11.21
12000 43 1 16129 4500 20.34
12000 43 2 31590 12000 23.57
12000 44 0 2034 400 11.54
12000 44 1 25835 4500 20.67
12000 44 2 51132 12000 24.16
12000 45 0 1160 400 11.49
12000 45 1 11605 4500 20.53
12000 45 2 21221 12000 23.69
12000 46 0 1690 400 11.56
12000 46 1 33180 4500 21.09
12000 46 2 52425 12000 24.30
12000 47 0 1906 400 11.65
12000 47 1 17546 4500 20.93
12000 47 2 28722 12000 23.85
12000 48 0 1429 400 11.41
12000 48 1 35682 4500 20.71
12000 48 2 53923 12000 23.94
12000 49 0 1691 400 11.52
12000 49 1 13603 4500 20.52
12000 49 2 32282 12000 23.64
12000 50 0 1231 400 11.76
12000 50 1 17348 4500 20.44
12000 50 2 38114 12000 23.74
12000 51 0 1477 400 11.64
12000 51 1 13845 4500 20.34
12000 51 2 28288 12000 23.49
12000 52 0 2145 400 11.18
12000 52 1 27687 4500 20.36
12000 52 2 45258 12000 23.65
12000 53 0 1328 400 11.47
12000 53 1 15663 4500 20.28
12000 53 2 29955 12000 23.51
12000 54 0 2293 400 10.97
12000 54 1 22029 4500 20.21
12000 54 2 44375 12000 23.73
12000 55 0 1217 400 11.06
12000 55 1 10167 4500 20.03
12000 55 2 26307 12000 23.44
12000 56 0 1521 400 10.93
12000 56 1 29374 4500 20.22
12000 56 2 53519 12000 23.87
12000 57 0 1113 400 11.13
12000 57 1 8378 4500 20.17
12000 57 2 22217 12000 23.58
12000 58 0 1495 400 11.25
12000 58 1 12653 4500 20.06
12000 58 2 35998 12000 23.78
12000 59 0 2043 400 11.33
12000 59 1 19279 4500 20.37
12000 59 2 35795 12000 23.76
12000 60 0 2052 400 11.74
12000 60 1 31162 4500 21.01
12000 60 2 41050 12000 23.96
12000 61 0 1763 400 11.71
12000 61 1 21121 4500 20.46
12000 61 2 35843 12000 23.55
12000 62 0 1777 400 11.28
12000 62 1 20032 4500 20.14
12000 62 2 40738 12000 23.43
12000 63 0 1258 400 11.60
12000 63 1 10942 4500 20.20
12000 63 2 25367 12000 23.32
12000 64 0 1827 400 11.79
12000 64 1 22554 4500 20.28
12000 64 2 43557 12000 23.70
12000 65 0 1551 400 11.64
12000 65 1 12583 4500 20.14
12000 65 2 23110 12000 23.30
12000 66 0 1210 400 11.22
12000 66 1 21292 4500 20.06
12000 66 2 44666 12000 23.55
12000 67 0 1379 400 11.47
12000 67 1 9235 4500 20.08
12000 67 2 21909 12000 23.32
12000 68 0 1720 400 11.38
12000 68 1 16798 4500 19.91
12000 68 2 40688 12000 23.48
12000 69 0 2019 400 11.26
12000 69 1 15529 4500 19.87
12000 69 2 37284 12000 23.46
12000 70 0 1232 400 10.93
12000 70 1 18828 4500 20.01
12000 70 2 32504 12000 23.27
12000 71 0 1311 400 11.25
12000 71 1 12787 4500 20.09
12000 71 2 27007 12000 23.31
12000 72 0 1742 400 11.17
12000 72 1 34445 4500 20.66
12000 72 2 51762 12000 23.89
12000 73 0 1625 400 11.04
12000 73 1 13438 4500 20.52
12000 73 2 24374 12000 23.49
12000 74 0 2064 400 11.38
12000 74 1 19313 4500 20.33
12000 74 2 37685 12000 23.56
12000 75 0 1287 400 11.38
12000 75 1 13457 4500 20.15
12000 75 2 28702 12000 23.34
12000 76 0 2024 400 10.82
12000 76 1 31756 4500 20.30
12000 76 2 50549 12000 23.68
12000 77 0 1266 400 10.95
12000 77 1 7804 4500 20.16
12000 77 2 21138 12000 23.31
12000 78 0 1592 400 11.24
12000 78 1 15639 4500 20.21
12000 78 2 36658 12000 23.62
12000 79 0 2274 400 11.04
12000 79 1 23656 4500 20.08
12000 79 2 37460 12000 23.33
12000 80 0 1429 400 10.81
12000 80 1 26177 4500 19.95
12000 80 2 45013 12000 23.20
12000 81 0 1456 400 10.88
12000 81 1 9328 4500 19.82
12000 81 2 19899 12000 22.87
12000 82 0 1711 400 10.65
12000 82 1 17382 4500 19.78
12000 82 2 36310 12000 23.12
12000 83 0 1506 400 10.73
12000 83 1 11146 4500 19.75
12000 83 2 26240 12000 23.08
12000 84 0 2268 400 10.56
12000 84 1 30968 4500 20.26
12000 84 2 41868 12000 23.35
12000 85 0 1318 400 10.76
12000 85 1 8674 4500 20.07
12000 85 2 23195 12000 23.15
12000 86 0 1614 400 10.67
12000 86 1 30466 4500 20.38
12000 86 2 43633 12000 23.38
12000 87 0 1489 400 10.84
12000 87 1 9880 4500 20.24
12000 87 2 23085 12000 23.22
12000 88 0 2575 400 11.23
12000 88 1 28021 4500 20.47
12000 88 2 39056 12000 23.36
12000 89 0 3296 400 10.77
12000 89 1 31930 4500 20.09
12000 89 2 42885 12000 23.14
12000 90 0 1586 400 11.17
12000 90 1 16779 4500 20.06
12000 90 2 24513 12000 22.75
12000 91 0 1773 400 11.06
12000 91 1 17368 4500 19.88
12000 91 2 34189 12000 22.97
12000 92 0 1801 400 11.23
12000 92 1 19516 4500 19.70
12000 92 2 35489 12000 23.06
12000 93 0 1279 400 11.30
12000 93 1 7989 4500 19.60
12000 93 2 19035 12000 22.81
12000 94 0 2305 400 10.77
12000 94 1 23252 4500 19.42
12000 94 2 41386 12000 22.95
12000 95 0 1162 400 11.03
12000 95 1 10151 4500 19.48
12000 95 2 22307 12000 22.79
12000 96 0 1505 400 10.24
12000 96 1 31452 4500 19.77
12000 96 2 43672 12000 23.87
12000 97 0 1176 400 10.35
12000 97 1 6742 4500 19.67
12000 97 2 15749 12000 23.23
12000 98 0 1426 400 10.41
12000 98 1 10706 4500 19.38
12000 98 2 28792 12000 23.05
12000 99 0 1805 400 10.68
12000 99 1 14616 4500 19.58
12000 99 2 45496 12000 23.79
12000 100 0 5699 400 10.59
12000 100 1 45465 4500 19.76
12000 100 2 52576 12000 23.20
12000 101 0 965 400 10.72
12000 101 1 6999 4500 19.63
12000 101 2 14534 12000 22.78
12000 102 0 1675 400 10.88
12000 102 1 15510 4500 19.66
12000 102 2 34610 12000 23.16
12000 103 0 1549 400 10.64
12000 103 1 19170 4500 19.40
12000 103 2 37459 12000 23.04
12000 104 0 1657 400 10.47
12000 104 1 25308 4500 19.42
12000 104 2 44059 12000 23.05
12000 105 0 1032 400 10.47
12000 105 1 6467 4500 19.26
12000 105 2 12904 12000 22.60
12000 106 0 1189 400 10.43
12000 106 1 20479 4500 19.23
12000 106 2 41087 12000 22.92
12000 107 0 1836 400 10.66
12000 107 1 7764 4500 19.19
12000 107 2 20344 12000 22.74
12000 108 0 1159 400 10.26
12000 108 1 19556 4500 19.07
12000 108 2 54402 12000 23.33
12000 109 0 1916 400 10.51
12000 109 1 10056 4500 19.02
12000 109 2 20776 12000 22.77
12000 110 0 1251 400 10.82
12000 110 1 20801 4500 19.46
12000 110 2 35725 12000 23.04
12000 111 0 1106 400 10.99
12000 111 1 8341 4500 19.47
12000 111 2 18778 12000 22.91
12000 112 0 2060 400 10.80
12000 112 1 30572 4500 19.66
12000 112 2 45820 12000 23.07
12000 113 0 1045 400 10.89
12000 113 1 7764 4500 19.56
12000 113 2 17912 12000 22.80
12000 114 0 1931 400 11.10
12000 114 1 15279 4500 19.57
12000 114 2 33789 12000 23.01
12000 115 0 1181 400 11.27
12000 115 1 14506 4500 19.71
12000 115 2 26212 12000 23.01
12000 116 0 2641 400 11.83
12000 116 1 28522 4500 20.85
12000 116 2 37757 12000 23.77
12000 117 0 2150 400 11.69
12000 117 1 18274 4500 20.55
12000 117 2 28694 12000 23.30
12000 118 0 1363 400 11.48
12000 118 1 15248 4500 20.27
12000 118 2 36441 12000 23.44
12000 119 0 1514 400 11.75
12000 119 1 18094 4500 20.04
12000 119 2 38142 12000 23.36
12000 120 0 2907 400 10.37
12000 120 1 40046 4500 20.68
12000 120 2 43548 12000 24.20
12000 121 0 846 400 10.47
12000 121 1 3373 4500 20.38
12000 121 2 8295 12000 23.50
12000 122 0 932 400 10.78
12000 122 1 19208 4500 20.19
12000 122 2 37247 12000 23.45
12000 123 0 1256 400 10.91
12000 123 1 6760 4500 20.02
12000 123 2 18797 12000 23.15
12000 124 0 1589 400 10.89
12000 124 1 21840 4500 20.39
12000 124 2 56012 12000 24.22
12000 125 0 1509 400 11.32
12000 125 1 18663 4500 20.25
12000 125 2 26676 12000 23.36
12000 126 0 1396 400 11.09
12000 126 1 18359 4500 20.15
12000 126 2 31337 12000 23.18
12000 127 0 1268 400 11.06
12000 127 1 9692 4500 20.05
12000 127 2 23178 12000 23.09
12000 128 0 1591 400 10.98
12000 128 1 40109 4500 20.16
12000 128 2 62901 12000 24.46
12000 129 0 1083 400 11.12
12000 129 1 3863 4500 20.19
12000 129 2 9870 12000 23.78
12000 130 0 2619 400 11.81
12000 130 1 22559 4500 20.32
12000 130 2 43401 12000 23.86
12000 131 0 1936 400 11.47
12000 131 1 23170 4500 20.12
12000 131 2 38795 12000 23.60
12000 132 0 1546 400 11.05
12000 132 1 24783 4500 19.75
12000 132 2 43343 12000 23.24
12000 133 0 824 400 11.11
12000 133 1 4616 4500 19.70
12000 133 2 11076 12000 22.86
12000 134 0 2315 400 11.13
12000 134 1 24275 4500 19.72
12000 134 2 46598 12000 23.32
12000 135 0 1558 400 11.33
12000 135 1 13031 4500 19.64
12000 135 2 24924 12000 22.92
12000 136 0 1380 400 11.08
12000 136 1 26584 4500 19.51
12000 136 2 44199 12000 23.02
12000 137 0 988 400 11.25
12000 137 1 6143 4500 19.50
12000 137 2 14498 12000 22.73
12000 138 0 1943 400 11.39
12000 138 1 11819 4500 19.44
12000 138 2 28782 12000 22.89
12000 139 0 922 400 11.49
12000 139 1 11593 4500 19.67
12000 139 2 32393 12000 23.35
12000 140 0 2146 400 11.55
12000 140 1 31466 4500 20.49
12000 140 2 43518 12000 23.59
12000 141 0 1018 400 11.61
12000 141 1 6333 4500 20.38
12000 141 2 13101 12000 23.23
12000 142 0 1707 400 11.60
12000 142 1 18007 4500 20.31
12000 142 2 35388 12000 23.46
12000 143 0 1250 400 11.60
12000 143 1 11333 4500 20.23
12000 143 2 24644 12000 23.41
12000 144 0 1138 400 11.85
12000 144 1 35375 4500 21.04
12000 144 2 47033 12000 24.04
12000 145 0 2614 400 12.09
12000 145 1 15530 4500 20.65
12000 145 2 29429 12000 23.52
12000 146 0 1948 400 11.63
12000 146 1 23358 4500 20.25
12000 146 2 35513 12000 23.19
12000 147 0 1493 400 12.04
12000 147 1 10854 4500 20.25
12000 147 2 25687 12000 23.22
12000 148 0 1371 400 11.88
12000 148 1 16441 4500 19.96
12000 148 2 34270 12000 23.18
12000 149 0 1763 400 11.93
12000 149 1 12399 4500 19.83
12000 149 2 26296 12000 23.05
12000 150 0 2204 400 11.56
12000 150 1 29263 4500 20.21
12000 150 2 44000 12000 23.47
12000 151 0 1050 400 11.58
12000 151 1 5997 4500 20.03
12000 151 2 15445 12000 23.03
12000 152 0 1272 400 11.94
12000 152 1 20869 4500 20.02
12000 152 2 39237 12000 23.26
12000 153 0 1143 400 11.92
12000 153 1 11520 4500 19.80
12000 153 2 26407 12000 23.04
12000 154 0 2004 400 11.78
12000 154 1 16418 4500 19.69
12000 154 2 34176 12000 23.06
12000 155 0 1446 400 11.98
12000 155 1 12623 4500 19.74
12000 155 2 29152 12000 23.10
12000 156 0 1470 400 11.98
12000 156 1 21347 4500 20.02
12000 156 2 35964 12000 23.08
12000 157 0 1209 400 12.22
12000 157 1 8509 4500 20.03
12000 157 2 21121 12000 23.07
12000 158 0 2088 400 12.42
12000 158 1 15244 4500 20.01
12000 158 2 30068 12000 23.12
12000 159 0 2404 400 12.07
12000 159 1 20485 4500 20.15
12000 159 2 33355 12000 23.29
12000 160 0 1950 400 12.19
12000 160 1 30147 4500 20.60
12000 160 2 42672 12000 23.58
12000 161 0 1051 400 12.07
12000 161 1 8468 4500 20.35
12000 161 2 18410 12000 23.12
12000 162 0 1195 400 12.17
12000 162 1 13684 4500 20.18
12000 162 2 35258 12000 23.44
12000 163 0 1986 400 12.15
12000 163 1 13029 4500 20.13
12000 163 2 26388 12000 23.21
12000 164 0 1916 400 11.62
12000 164 1 24711 4500 20.22
12000 164 2 44075 12000 23.41
12000 165 0 1870 400 11.92
12000 165 1 18005 4500 19.97
12000 165 2 32099 12000 23.10
12000 166 0 1244 400 11.87
12000 166 1 12297 4500 19.84
12000 166 2 26045 12000 22.89
12000 167 0 2362 400 11.51
12000 167 1 17727 4500 19.79
12000 167 2 31378 12000 22.98
12000 168 0 1348 400 11.06
12000 168 1 34095 4500 20.11
12000 168 2 46073 12000 23.65
12000 169 0 1289 400 11.30
12000 169 1 6270 4500 19.92
12000 169 2 13731 12000 23.04
12000 170 0 2737 400 10.91
12000 170 1 29770 4500 19.90
12000 170 2 46444 12000 23.38
12000 171 0 1952 400 11.20
12000 171 1 6047 4500 19.69
12000 171 2 14841 12000 22.90
12000 172 0 1735 400 11.29
12000 172 1 15622 4500 19.59
12000 172 2 38142 12000 23.11
12000 173 0 3199 400 11.86
12000 173 1 19604 4500 19.65
12000 173 2 33701 12000 23.04
12000 174 0 3743 400 11.74
12000 174 1 23773 4500 20.00
12000 174 2 34544 12000 23.13
12000 175 0 3295 400 11.48
12000 175 1 21428 4500 19.39
12000 175 2 37126 12000 22.77
12000 176 0 1408 400 11.35
12000 176 1 18702 4500 18.71
12000 176 2 41670 12000 22.85
12000 177 0 1731 400 11.28
12000 177 1 10779 4500 18.68
12000 177 2 19277 12000 22.43
12000 178 0 1486 400 11.50
12000 178 1 12645 4500 18.66
12000 178 2 31167 12000 22.61
12000 179 0 1417 400 11.31
12000 179 1 12477 4500 18.71
12000 179 2 26250 12000 22.47
12000 180 0 2473 400 10.72
12000 180 1 30810 4500 19.24
12000 180 2 47092 12000 22.86
12000 181 0 1288 400 10.88
12000 181 1 6437 4500 19.13
12000 181 2 13822 12000 22.55
12000 182 0 1600 400 10.90
12000 182 1 23651 4500 19.33
12000 182 2 42995 12000 23.04
12000 183 0 1351 400 10.88
12000 183 1 8016 4500 19.22
12000 183 2 16085 12000 22.70
12000 184 0 1545 400 10.95
12000 184 1 21279 4500 19.07
12000 184 2 42019 12000 22.81
12000 185 0 1824 400 10.96
12000 185 1 12340 4500 19.00
12000 185 2 26364 12000 22.57
12000 186 0 1371 400 10.80
12000 186 1 15699 4500 19.05
12000 186 2 33184 12000 22.67
12000 187 0 1541 400 11.13
12000 187 1 15145 4500 19.68
12000 187 2 28627 12000 23.01
12000 188 0 1520 400 11.30
12000 188 1 21398 4500 19.67
12000 188 2 33541 12000 22.86
12000 189 0 1539 400 10.93
12000 189 1 16172 4500 19.41
12000 189 2 27093 12000 22.59
12000 190 0 1783 400 10.92
12000 190 1 16210 4500 19.25
12000 190 2 34959 12000 22.72
12000 191 0 1270 400 10.90
12000 191 1 11366 4500 19.23
12000 191 2 24717 12000 22.57
12000 192 0 1648 400 10.49
12000 192 1 34100 4500 20.11
12000 192 2 39425 12000 23.68
12000 193 0 1410 400 10.55
12000 193 1 10174 4500 19.76
12000 193 2 23139 12000 22.98
12000 194 0 1308 400 10.84
12000 194 1 13445 4500 19.42
12000 194 2 31825 12000 22.84
12000 195 0 2084 400 10.97
12000 195 1 16801 4500 19.37
12000 195 2 33503 12000 22.84
12000 196 0 1359 400 10.89
12000 196 1 17502 4500 19.23
12000 196 2 36640 12000 22.82
12000 197 0 1410 400 10.86
12000 197 1 11755 4500 19.13
12000 197 2 22308 12000 22.48
12000 198 0 1488 400 11.08
12000 198 1 14407 4500 19.15
12000 198 2 34157 12000 22.75
12000 199 0 1607 400 10.87
12000 199 1 16001 4500 19.19
12000 199 2 26623 12000 22.58
12000 200 0 4975 400 11.45
12000 200 1 30918 4500 19.49
12000 200 2 43751 12000 23.22
12000 201 0 1773 400 11.45
12000 201 1 12962 4500 19.37
12000 201 2 25010 12000 22.76
12000 202 0 2884 400 10.70
12000 202 1 25651 4500 18.63
12000 202 2 44465 12000 22.88
12000 203 0 1759 400 10.79
12000 203 1 9407 4500 18.75
12000 203 2 17227 12000 22.64
12000 204 0 1872 400 11.16
12000 204 1 19174 4500 18.91
12000 204 2 37150 12000 22.98
12000 205 0 2280 400 11.02
12000 205 1 16111 4500 18.67
12000 205 2 33922 12000 22.60
12000 206 0 2108 400 10.59
12000 206 1 18267 4500 18.53
12000 206 2 34984 12000 22.43
12000 207 0 1512 400 10.95
12000 207 1 12567 4500 18.69
12000 207 2 24576 12000 22.44
12000 208 0 1692 400 10.34
12000 208 1 21228 4500 17.95
12000 208 2 44221 12000 22.49
12000 209 0 1349 400 10.41
12000 209 1 7446 4500 18.04
12000 209 2 16078 12000 22.26
12000 210 0 2202 400 10.39
12000 210 1 13871 4500 18.18
12000 210 2 28755 12000 22.30
12000 211 0 1495 400 10.50
12000 211 1 12521 4500 18.44
12000 211 2 30876 12000 22.71
12000 212 0 1490 400 10.43
12000 212 1 23502 4500 18.91
12000 212 2 44636 12000 22.97
12000 213 0 1432 400 10.45
12000 213 1 9607 4500 18.89
12000 213 2 15592 12000 22.56
12000 214 0 1506 400 10.47
12000 214 1 14456 4500 18.96
12000 214 2 30582 12000 22.76
12000 215 0 2321 400 10.74
12000 215 1 21701 4500 19.65
12000 215 2 36685 12000 23.28
12000 216 0 1987 400 10.25
12000 216 1 32503 4500 19.36
12000 216 2 44690 12000 23.68
12000 217 0 1305 400 10.34
12000 217 1 7859 4500 19.16
12000 217 2 14671 12000 22.96
12000 218 0 1326 400 10.42
12000 218 1 11275 4500 19.15
12000 218 2 25947 12000 22.93
12000 219 0 1488 400 10.42
12000 219 1 12355 4500 19.21
12000 219 2 37210 12000 23.35
12000 220 0 2337 400 10.34
12000 220 1 24771 4500 19.49
12000 220 2 37643 12000 23.12
12000 221 0 1500 400 10.29
12000 221 1 12509 4500 19.39
12000 221 2 21519 12000 22.79
12000 222 0 1441 400 10.33
12000 222 1 23038 4500 19.25
12000 222 2 42618 12000 23.11
12000 223 0 1723 400 10.45
12000 223 1 11972 4500 19.28
12000 223 2 20650 12000 22.90
12000 224 0 1630 400 10.51
12000 224 1 23700 4500 19.10
12000 224 2 42823 12000 23.11
12000 225 0 2161 400 10.45
12000 225 1 16132 4500 18.82
12000 225 2 32786 12000 22.68
12000 226 0 1422 400 10.63
12000 226 1 14916 4500 18.76
12000 226 2 27671 12000 22.45
12000 227 0 1598 400 10.38
12000 227 1 15681 4500 18.67
12000 227 2 27715 12000 22.30
12000 228 0 1509 400 10.09
12000 228 1 21692 4500 18.69
12000 228 2 42152 12000 22.53
12000 229 0 1888 400 10.68
12000 229 1 15946 4500 18.94
12000 229 2 24023 12000 22.24
12000 230 0 2525 400 10.21
12000 230 1 22838 4500 18.60
12000 230 2 37388 12000 22.24
12000 231 0 1447 400 10.66
12000 231 1 10668 4500 18.61
12000 231 2 26521 12000 22.45
12000 232 0 1589 400 10.32
12000 232 1 21902 4500 18.22
12000 232 2 39245 12000 22.42
12000 233 0 1136 400 10.45
12000 233 1 6217 4500 18.24
12000 233 2 13226 12000 22.17
12000 234 0 1267 400 10.58
12000 234 1 11402 4500 18.32
12000 234 2 23851 12000 22.14
12000 235 0 1880 400 10.45
12000 235 1 20028 4500 18.80
12000 235 2 48165 12000 23.08
12000 236 0 1157 400 10.42
12000 236 1 15133 4500 18.77
12000 236 2 26041 12000 22.42
12000 237 0 1209 400 10.57
12000 237 1 8741 4500 18.92
12000 237 2 16905 12000 22.37
12000 238 0 1103 400 10.43
12000 238 1 16235 4500 19.26
12000 238 2 39624 12000 23.15
12000 239 0 1396 400 10.49
12000 239 1 11539 4500 19.28
12000 239 2 18188 12000 22.81
12000 240 0 1811 400 9.92
12000 240 1 41226 4500 20.35
12000 240 2 48431 12000 23.87
12000 241 0 876 400 10.00
12000 241 1 4940 4500 20.21
12000 241 2 10354 12000 23.24
12000 242 0 1065 400 10.33
12000 242 1 23241 4500 20.27
12000 242 2 38078 12000 23.43
12000 243 0 1788 400 11.03
12000 243 1 16602 4500 20.30
12000 243 2 35020 12000 23.55
12000 244 0 1314 400 11.27
12000 244 1 20790 4500 20.21
12000 244 2 33839 12000 23.37
12000 245 0 1950 400 10.73
12000 245 1 23389 4500 19.60
12000 245 2 41024 12000 23.01
12000 246 0 974 400 10.57
12000 246 1 12004 4500 19.33
12000 246 2 23444 12000 22.54
12000 247 0 1354 400 10.69
12000 247 1 9780 4500 19.29
12000 247 2 24830 12000 22.62
12000 248 0 1468 400 10.58
12000 248 1 27166 4500 19.68
12000 248 2 48576 12000 23.19
12000 249 0 1461 400 10.58
12000 249 1 18471 4500 19.46
12000 249 2 29604 12000 22.81
12000 250 0 1818 400 10.80
12000 250 1 11544 4500 19.34
12000 250 2 21195 12000 22.51
12000 251 0 1053 400 10.91
12000 251 1 8698 4500 19.38
12000 251 2 27889 12000 22.98
12000 252 0 1688 400 10.85
12000 252 1 26161 4500 19.71
12000 252 2 37894 12000 22.88
12000 253 0 1330 400 10.81
12000 253 1 9561 4500 19.54
12000 253 2 17179 12000 22.55
12000 254 0 1301 400 11.01
12000 254 1 15189 4500 19.62
12000 254 2 30061 12000 22.83
12000 255 0 2048 400 11.06
12000 255 1 14281 4500 19.64
12000 255 2 26632 12000 22.81
12000 256 0 1247 400 10.95
12000 256 1 38724 4500 20.09
12000 256 2 56990 12000 24.36
12000 257 0 2244 400 11.41
12000 257 1 17529 4500 20.47
12000 257 2 21697 12000 23.37
12000 258 0 2210 400 11.16
12000 258 1 24140 4500 20.02
12000 258 2 36146 12000 23.30
12000 259 0 1224 400 10.89
12000 259 1 11403 4500 19.44
12000 259 2 28235 12000 22.81
12000 260 0 1739 400 10.74
12000 260 1 16844 4500 19.28
12000 260 2 36503 12000 22.83
12000 261 0 1084 400 11.09
12000 261 1 11944 4500 19.45
12000 261 2 20616 12000 22.68
12000 262 0 1434 400 10.92
12000 262 1 15111 4500 19.42
12000 262 2 28925 12000 22.71
12000 263 0 1186 400 11.00
12000 263 1 9197 4500 19.41
12000 263 2 28113 12000 23.00
12000 264 0 1722 400 10.50
12000 264 1 34217 4500 20.02
12000 264 2 42917 12000 23.35
12000 265 0 1720 400 10.76
12000 265 1 9657 4500 19.83
12000 265 2 17188 12000 22.80
12000 266 0 1093 400 10.69
12000 266 1 19571 4500 19.59
12000 266 2 39775 12000 23.09
12000 267 0 1305 400 10.80
12000 267 1 6116 4500 19.46
12000 267 2 15616 12000 22.75
12000 268 0 1517 400 11.00
12000 268 1 13418 4500 19.37
12000 268 2 31394 12000 22.92
12000 269 0 1291 400 11.31
12000 269 1 10854 4500 19.76
12000 269 2 25562 12000 23.12
12000 270 0 2530 400 11.10
12000 270 1 27887 4500 20.27
12000 270 2 44441 12000 23.42
12000 271 0 1186 400 11.54
12000 271 1 14923 4500 20.20
12000 271 2 30026 12000 23.38
12000 272 0 1370 400 11.46
12000 272 1 24493 4500 20.07
12000 272 2 37485 12000 23.10
12000 273 0 1040 400 11.55
12000 273 1 7489 4500 19.97
12000 273 2 17791 12000 22.88
12000 274 0 1747 400 11.68
12000 274 1 12175 4500 19.87
12000 274 2 27673 12000 22.94
12000 275 0 1881 400 11.67
12000 275 1 13526 4500 20.00
12000 275 2 35943 12000 23.38
12000 276 0 1688 400 10.81
12000 276 1 39523 4500 20.89
12000 276 2 42589 12000 24.09
12000 277 0 1163 400 11.00
12000 277 1 6123 4500 20.73
12000 277 2 13314 12000 23.49
12000 278 0 1559 400 11.34
12000 278 1 14281 4500 20.67
12000 278 2 29454 12000 23.46
12000 279 0 1924 400 11.21
12000 279 1 19405 4500 20.43
12000 279 2 32390 12000 23.27
12000 280 0 2194 400 11.05
12000 280 1 30655 4500 20.47
12000 280 2 53935 12000 23.87
12000 281 0 1158 400 11.09
12000 281 1 5585 4500 20.27
12000 281 2 10785 12000 23.27
12000 282 0 1480 400 11.06
12000 282 1 13461 4500 20.17
12000 282 2 38881 12000 23.62
12000 283 0 1361 400 11.22
12000 283 1 12057 4500 20.32
12000 283 2 29790 12000 23.71
12000 284 0 1504 400 11.28
12000 284 1 23431 4500 20.63
12000 284 2 39485 12000 23.71
12000 285 0 2381 400 11.95
12000 285 1 22152 4500 20.68
12000 285 2 26277 12000 23.36
12000 286 0 1978 400 12.25
12000 286 1 25799 4500 21.34
12000 286 2 36560 12000 24.11
12000 287 0 1738 400 12.22
12000 287 1 14252 4500 20.95
12000 287 2 25854 12000 23.65
12000 288 0 2019 400 11.95
12000 288 1 28152 4500 20.54
12000 288 2 42390 12000 24.17
12000 289 0 2599 400 11.53
12000 289 1 21053 4500 19.72
12000 289 2 41988 12000 23.33
12000 290 0 1300 400 11.66
12000 290 1 9618 4500 19.58
12000 290 2 21989 12000 22.96
12000 291 0 1968 400 11.85
12000 291 1 12361 4500 19.56
12000 291 2 31554 12000 23.07
12000 292 0 1333 400 11.40
12000 292 1 17900 4500 19.53
12000 292 2 37543 12000 23.01
12000 293 0 1473 400 11.45
12000 293 1 9490 4500 19.50
12000 293 2 19539 12000 22.71
12000 294 0 1381 400 11.48
12000 294 1 12104 4500 19.38
12000 294 2 32760 12000 22.90
12000 295 0 1694 400 11.34
12000 295 1 14693 4500 19.53
12000 295 2 30533 12000 22.84
12000 296 0 1981 400 11.10
12000 296 1 30011 4500 20.33
12000 296 2 44969 12000 23.57
12000 297 0 1013 400 11.20
12000 297 1 6793 4500 20.13
12000 297 2 13350 12000 23.11
12000 298 0 1263 400 11.45
12000 298 1 12033 4500 20.20
12000 298 2 29177 12000 23.40
12000 299 0 1456 400 11.76
12000 299 1 13618 4500 20.28
12000 299 2 30152 12000 23.63
12000 300 0 5219 400 11.85
12000 300 1 38011 4500 20.87
12000 300 2 41967 12000 23.70
12000 301 0 2926 400 11.27
12000 301 1 25217 4500 20.06
12000 301 2 42035 12000 23.27
12000 302 0 1194 400 11.54
12000 302 1 11725 4500 19.77
12000 302 2 29615 12000 23.14
12000 303 0 1279 400 11.49
12000 303 1 9985 4500 19.64
12000 303 2 20406 12000 22.83
12000 304 0 1467 400 11.05
12000 304 1 24950 4500 19.66
12000 304 2 47525 12000 23.25
12000 305 0 1255 400 11.09
12000 305 1 6414 4500 19.50
12000 305 2 13430 12000 22.77
12000 306 0 1852 400 11.21
12000 306 1 22015 4500 19.74
12000 306 2 43448 12000 23.46
12000 307 0 1128 400 11.23
12000 307 1 8406 4500 19.64
12000 307 2 17659 12000 23.02
12000 308 0 1450 400 11.29
12000 308 1 14258 4500 19.55
12000 308 2 36478 12000 23.26
12000 309 0 1242 400 11.33
12000 309 1 9571 4500 19.60
12000 309 2 24248 12000 23.15
12000 310 0 1318 400 11.34
12000 310 1 15320 4500 19.99
12000 310 2 33818 12000 23.39
12000 311 0 2076 400 11.46
12000 311 1 17946 4500 20.26
12000 311 2 29772 12000 23.27
12000 312 0 1836 400 11.81
12000 312 1 33429 4500 21.35
12000 312 2 34760 12000 23.72
12000 313 0 1758 400 11.90
12000 313 1 15288 4500 20.92
12000 313 2 30323 12000 23.68
12000 314 0 2123 400 11.60
12000 314 1 20929 4500 20.39
12000 314 2 37668 12000 23.49
12000 315 0 1223 400 11.68
12000 315 1 11742 4500 20.28
12000 315 2 25077 12000 23.28
12000 316 0 2020 400 11.06
12000 316 1 26403 4500 20.20
12000 316 2 43113 12000 23.61
12000 317 0 1045 400 11.25
12000 317 1 6668 4500 20.08
12000 317 2 17155 12000 23.23
12000 318 0 1337 400 11.03
12000 318 1 14606 4500 19.84
12000 318 2 36796 12000 23.29
12000 319 0 1194 400 11.26
12000 319 1 10392 4500 19.93
12000 319 2 25854 12000 23.30
12000 320 0 1731 400 10.87
12000 320 1 29902 4500 20.15
12000 320 2 43738 12000 23.25
12000 321 0 1802 400 11.00
12000 321 1 10028 4500 19.98
12000 321 2 22496 12000 22.98
12000 322 0 1121 400 11.00
12000 322 1 12071 4500 19.91
12000 322 2 28689 12000 23.07
12000 323 0 1325 400 11.25
12000 323 1 10550 4500 19.99
12000 323 2 25316 12000 23.19
12000 324 0 1631 400 11.24
12000 324 1 25261 4500 20.50
12000 324 2 40285 12000 23.48
12000 325 0 1274 400 11.29
12000 325 1 10239 4500 20.40
12000 325 2 20612 12000 23.28
12000 326 0 2160 400 11.50
12000 326 1 32315 4500 21.08
12000 326 2 40338 12000 23.91
12000 327 0 1593 400 11.60
12000 327 1 15569 4500 20.81
12000 327 2 26306 12000 23.58
12000 328 0 1685 400 10.94
12000 328 1 30516 4500 20.25
12000 328 2 49453 12000 23.67
12000 329 0 1052 400 11.12
12000 329 1 8080 4500 20.05
12000 329 2 19562 12000 23.29
12000 330 0 1268 400 11.10
12000 330 1 12671 4500 19.96
12000 330 2 30977 12000 23.34
12000 331 0 2226 400 11.35
12000 331 1 13034 4500 19.92
12000 331 2 31439 12000 23.30
12000 332 0 1046 400 11.09
12000 332 1 19270 4500 19.95
12000 332 2 34758 12000 23.26
12000 333 0 1402 400 11.25
12000 333 1 8326 4500 19.84
12000 333 2 21454 12000 23.14
12000 334 0 1556 400 11.37
12000 334 1 14889 4500 19.88
12000 334 2 31820 12000 23.25
12000 335 0 1300 400 11.44
12000 335 1 11188 4500 20.08
12000 335 2 21344 12000 23.21
12000 336 0 2435 400 11.26
12000 336 1 41594 4500 22.23
12000 336 2 44372 12000 25.36
12000 337 0 1080 400 11.36
12000 337 1 6248 4500 21.84
12000 337 2 13388 12000 24.39
12000 338 0 1616 400 11.34
12000 338 1 15353 4500 21.48
12000 338 2 38267 12000 24.37
12000 339 0 1598 400 11.35
12000 339 1 12988 4500 21.26
12000 339 2 33459 12000 24.22
12000 340 0 1487 400 11.17
12000 340 1 23212 4500 21.16
12000 340 2 44141 12000 24.11
12000 341 0 2032 400 11.59
12000 341 1 17218 4500 21.14
12000 341 2 23709 12000 23.68
12000 342 0 1462 400 11.67
12000 342 1 19766 4500 20.97
12000 342 2 37069 12000 23.90
12000 343 0 1574 400 11.50
12000 343 1 16659 4500 20.74
12000 343 2 29536 12000 23.61
12000 344 0 1372 400 11.79
12000 344 1 27618 4500 20.77
12000 344 2 40818 12000 23.73
12000 345 0 1489 400 11.76
12000 345 1 11676 4500 20.45
12000 345 2 23421 12000 23.34
12000 346 0 2492 400 11.48
12000 346 1 27592 4500 20.42
12000 346 2 45835 12000 23.79
12000 347 0 1056 400 11.56
12000 347 1 7023 4500 20.30
12000 347 2 15963 12000 23.38
12000 348 0 1583 400 11.37
12000 348 1 20862 4500 20.04
12000 348 2 45451 12000 23.56
12000 349 0 1218 400 11.55
12000 349 1 7850 4500 19.96
12000 349 2 17163 12000 23.22
12000 350 0 1769 400 11.63
12000 350 1 12282 4500 19.87
12000 350 2 34396 12000 23.46
12000 351 0 1945 400 11.67
12000 351 1 16914 4500 20.19
12000 351 2 32065 12000 23.43
12000 352 0 1378 400 11.41
12000 352 1 30783 4500 20.45
12000 352 2 46638 12000 23.56
12000 353 0 1292 400 11.67
12000 353 1 7969 4500 20.37
12000 353 2 14594 12000 23.20
12000 354 0 1823 400 11.67
12000 354 1 15258 4500 20.36
12000 354 2 33360 12000 23.53
12000 355 0 2161 400 12.10
12000 355 1 19548 4500 20.45
12000 355 2 31790 12000 23.54
12000 356 0 2311 400 11.85
12000 356 1 31973 4500 20.74
12000 356 2 43588 12000 23.87
12000 357 0 1264 400 11.83
12000 357 1 8978 4500 20.51
12000 357 2 19798 12000 23.46
12000 358 0 1486 400 11.70
12000 358 1 14108 4500 20.32
12000 358 2 37642 12000 23.67
12000 359 0 1501 400 11.93
12000 359 1 14666 4500 20.21
12000 359 2 28506 12000 23.45
12000 360 0 1656 400 11.31
12000 360 1 32224 4500 20.30
12000 360 2 47121 12000 23.58
12000 361 0 1788 400 11.42
12000 361 1 8507 4500 20.05
12000 361 2 17854 12000 23.08
12000 362 0 1238 400 11.45
12000 362 1 10805 4500 20.00
12000 362 2 32148 12000 23.40
12000 363 0 1366 400 11.92
12000 363 1 10582 4500 20.31
12000 363 2 24497 12000 23.54
12000 364 0 1829 400 11.72
12000 364 1 21380 4500 20.46
12000 364 2 37180 12000 23.68
12000 365 0 1143 400 11.79
12000 365 1 6058 4500 20.33
12000 365 2 15233 12000 23.37
12000 366 0 2165 400 12.02
12000 366 1 26879 4500 20.88
12000 366 2 41407 12000 23.96
12000 367 0 1067 400 12.03
12000 367 1 5426 4500 20.72
12000 367 2 13283 12000 23.62
12000 368 0 3189 400 12.58
12000 368 1 28644 4500 21.12
12000 368 2 36907 12000 23.92
12000 369 0 3307 400 12.40
12000 369 1 24690 4500 20.63
12000 369 2 39352 12000 23.73
12000 370 0 2275 400 11.92
12000 370 1 20607 4500 20.16
12000 370 2 38954 12000 23.51
12000 371 0 1724 400 11.92
12000 371 1 10272 4500 19.90
12000 371 2 25758 12000 23.21
12000 372 0 1380 400 12.11
12000 372 1 19015 4500 19.99
12000 372 2 37988 12000 23.40
12000 373 0 1428 400 11.83
12000 373 1 12974 4500 19.92
12000 373 2 25582 12000 23.15
12000 374 0 1171 400 11.92
12000 374 1 13402 4500 19.92
12000 374 2 30631 12000 23.32
12000 375 0 1389 400 11.79
12000 375 1 12332 4500 19.93
12000 375 2 27581 12000 23.27
12000 376 0 1872 400 11.76
12000 376 1 26602 4500 20.48
12000 376 2 40239 12000 23.58
12000 377 0 1125 400 11.79
12000 377 1 7444 4500 20.34
12000 377 2 15146 12000 23.22
12000 378 0 1288 400 11.79
12000 378 1 10465 4500 20.25
12000 378 2 26724 12000 23.38
12000 379 0 1643 400 12.00
12000 379 1 16866 4500 20.59
12000 379 2 37308 12000 23.94
12000 380 0 1733 400 11.89
12000 380 1 21790 4500 20.73
12000 380 2 33813 12000 23.73
12000 381 0 1929 400 11.95
12000 381 1 12179 4500 20.60
12000 381 2 24196 12000 23.47
12000 382 0 1600 400 12.20
12000 382 1 21551 4500 20.72
12000 382 2 39292 12000 23.82
12000 383 0 2052 400 12.36
12000 383 1 20350 4500 20.72
12000 383 2 26036 12000 23.53
12000 384 0 2160 400 11.49
12000 384 1 43260 4500 21.35
12000 384 2 45786 12000 25.92
12000 385 0 1365 400 11.71
12000 385 1 10104 4500 21.12
12000 385 2 23840 12000 24.81
12000 386 0 1533 400 11.80
12000 386 1 9817 4500 20.57
12000 386 2 29421 12000 24.24
12000 387 0 1514 400 11.50
12000 387 1 15794 4500 20.39
12000 387 2 32232 12000 24.02
12000 388 0 1379 400 11.31
12000 388 1 17637 4500 20.20
12000 388 2 37422 12000 23.82
12000 389 0 1276 400 11.45
12000 389 1 6975 4500 20.15
12000 389 2 21643 12000 23.64
12000 390 0 1586 400 11.46
12000 390 1 16485 4500 20.41
12000 390 2 28306 12000 23.59
12000 391 0 1908 400 11.63
12000 391 1 13991 4500 20.44
12000 391 2 33913 12000 23.77
12000 392 0 1209 400 11.30
12000 392 1 30741 4500 20.55
12000 392 2 44917 12000 23.70
12000 393 0 1334 400 11.43
12000 393 1 5907 4500 20.41
12000 393 2 10419 12000 23.29
12000 394 0 1751 400 11.50
12000 394 1 24568 4500 20.59
12000 394 2 42757 12000 23.76
12000 395 0 1351 400 11.92
12000 395 1 9824 4500 20.77
12000 395 2 23455 12000 23.88
12000 396 0 2887 400 12.52
12000 396 1 27421 4500 21.44
12000 396 2 37694 12000 24.38
12000 397 0 2815 400 12.01
12000 397 1 29358 4500 20.75
12000 397 2 41188 12000 23.91
12000 398 0 2336 400 12.28
12000 398 1 16514 4500 20.46
12000 398 2 32626 12000 23.68
12000 399 0 2242 400 12.24
12000 399 1 17178 4500 20.05
12000 399 2 35080 12000 23.47
12000 400 0 5575 400 11.89
12000 400 1 26388 4500 19.17
12000 400 2 45237 12000 23.28
12000 401 0 2074 400 11.37
12000 401 1 14955 4500 18.96
12000 401 2 26192 12000 22.62
12000 402 0 950 400 11.50
12000 402 1 6894 4500 18.99
12000 402 2 17553 12000 22.52
12000 403 0 1064 400 11.59
12000 403 1 8126 4500 19.30
12000 403 2 26671 12000 23.17
12000 404 0 1471 400 11.45
12000 404 1 23918 4500 20.24
12000 404 2 39737 12000 23.50
12000 405 0 1135 400 11.45
12000 405 1 6300 4500 20.15
12000 405 2 14550 12000 23.26
12000 406 0 1876 400 11.64
12000 406 1 15413 4500 20.15
12000 406 2 31560 12000 23.39
12000 407 0 1132 400 11.43
12000 407 1 13029 4500 20.14
12000 407 2 27414 12000 23.37
12000 408 0 1869 400 10.77
12000 408 1 40797 4500 20.94
12000 408 2 47427 12000 24.14
12000 409 0 850 400 10.96
12000 409 1 5954 4500 20.67
12000 409 2 15863 12000 23.49
12000 410 0 1283 400 11.65
12000 410 1 19968 4500 20.71
12000 410 2 36790 12000 23.81
12000 411 0 2506 400 11.69
12000 411 1 21597 4500 20.28
12000 411 2 38073 12000 23.49
12000 412 0 1274 400 11.17
12000 412 1 21045 4500 19.93
12000 412 2 37077 12000 23.18
12000 413 0 797 400 11.31
12000 413 1 6711 4500 19.95
12000 413 2 17648 12000 23.09
12000 414 0 1825 400 11.42
12000 414 1 21580 4500 19.87
12000 414 2 41778 12000 23.36
12000 415 0 814 400 11.41
12000 415 1 6455 4500 19.83
12000 415 2 15078 12000 23.11
12000 416 0 2048 400 11.32
12000 416 1 20792 4500 19.59
12000 416 2 42001 12000 23.13
12000 417 0 777 400 11.45
12000 417 1 5076 4500 19.64
12000 417 2 12773 12000 23.00
12000 418 0 1319 400 11.57
12000 418 1 18715 4500 20.27
12000 418 2 24711 12000 23.11
12000 419 0 2345 400 11.90
12000 419 1 10721 4500 20.28
12000 419 2 50998 12000 24.40
12000 420 0 1044 400 11.55
12000 420 1 27875 4500 20.66
12000 420 2 29611 12000 23.48
12000 421 0 2170 400 11.74
12000 421 1 10300 4500 20.55
12000 421 2 23112 12000 23.30
12000 422 0 1118 400 11.66
12000 422 1 15166 4500 20.58
12000 422 2 38744 12000 23.76
12000 423 0 1860 400 12.19
12000 423 1 18900 4500 20.96
12000 423 2 22124 12000 23.59
12000 424 0 2238 400 12.46
12000 424 1 32537 4500 21.68
12000 424 2 39148 12000 24.33
12000 425 0 1832 400 12.73
12000 425 1 15382 4500 21.27
12000 425 2 29814 12000 24.01
12000 426 0 2060 400 12.57
12000 426 1 20147 4500 20.81
12000 426 2 39587 12000 23.83
12000 427 0 1963 400 12.34
12000 427 1 17269 4500 20.49
12000 427 2 33042 12000 23.49
12000 428 0 974 400 12.29
12000 428 1 13456 4500 20.33
12000 428 2 32480 12000 23.48
12000 429 0 1832 400 12.07
12000 429 1 13436 4500 20.27
12000 429 2 26519 12000 23.22
12000 430 0 1543 400 11.63
12000 430 1 18244 4500 20.22
12000 430 2 36397 12000 23.34
12000 431 0 1494 400 11.74
12000 431 1 11127 4500 20.16
12000 431 2 25164 12000 23.18
12000 432 0 1599 400 10.83
12000 432 1 34125 4500 20.21
12000 432 2 49050 12000 23.76
12000 433 0 954 400 10.96
12000 433 1 4363 4500 20.09
12000 433 2 9945 12000 23.15
12000 434 0 1711 400 11.20
12000 434 1 18656 4500 19.95
12000 434 2 39971 12000 23.39
12000 435 0 1107 400 11.26
12000 435 1 5754 4500 19.85
12000 435 2 18540 12000 23.17
12000 436 0 1960 400 11.36
12000 436 1 23528 4500 20.40
12000 436 2 51558 12000 23.98
12000 437 0 1262 400 11.70
12000 437 1 13100 4500 20.53
12000 437 2 18835 12000 23.62
12000 438 0 1672 400 11.93
12000 438 1 18844 4500 20.68
12000 438 2 34684 12000 23.81
12000 439 0 1767 400 11.96
12000 439 1 16348 4500 20.55
12000 439 2 27726 12000 23.53
12000 440 0 2351 400 11.39
12000 440 1 38584 4500 20.62
12000 440 2 50866 12000 23.81
12000 441 0 1678 400 11.63
12000 441 1 9103 4500 20.36
12000 441 2 18522 12000 23.25
12000 442 0 1238 400 11.61
12000 442 1 13854 4500 20.24
12000 442 2 30813 12000 23.29
12000 443 0 1539 400 11.41
12000 443 1 13809 4500 20.08
12000 443 2 30465 12000 23.24
12000 444 0 1289 400 11.12
12000 444 1 31753 4500 20.47
12000 444 2 44798 12000 23.98
12000 445 0 1226 400 11.30
12000 445 1 7607 4500 20.33
12000 445 2 14979 12000 23.34
12000 446 0 1889 400 11.31
12000 446 1 13835 4500 20.11
12000 446 2 32453 12000 23.32
12000 447 0 931 400 11.41
12000 447 1 6855 4500 20.01
12000 447 2 21620 12000 23.20
12000 448 0 1314 400 11.37
12000 448 1 29311 4500 20.53
12000 448 2 54315 12000 23.82
12000 449 0 1468 400 11.97
12000 449 1 7524 4500 20.57
12000 449 2 15532 12000 23.44
12000 450 0 2229 400 11.93
12000 450 1 17477 4500 20.57
12000 450 2 37989 12000 23.77
12000 451 0 1599 400 12.10
12000 451 1 20509 4500 20.56
12000 451 2 27268 12000 23.38
12000 452 0 1854 400 12.34
12000 452 1 20697 4500 20.80
12000 452 2 38129 12000 23.83
12000 453 0 1051 400 12.48
12000 453 1 9729 4500 20.74
12000 453 2 18287 12000 23.49
12000 454 0 1771 400 12.42
12000 454 1 26727 4500 20.78
12000 454 2 42196 12000 23.81
12000 455 0 1582 400 12.46
12000 455 1 12792 4500 20.60
12000 455 2 20908 12000 23.37
12000 456 0 1934 400 11.58
12000 456 1 32225 4500 20.51
12000 456 2 50346 12000 24.15
12000 457 0 2318 400 11.33
12000 457 1 15047 4500 20.31
12000 457 2 27631 12000 23.49
12000 458 0 980 400 11.30
12000 458 1 10874 4500 20.12
12000 458 2 25979 12000 23.21
12000 459 0 1379 400 11.21
12000 459 1 9956 4500 19.99
12000 459 2 26644 12000 23.12
12000 460 0 1762 400 11.17
12000 460 1 19765 4500 19.99
12000 460 2 42208 12000 23.34
12000 461 0 1032 400 11.27
12000 461 1 6846 4500 19.93
12000 461 2 15825 12000 23.09
12000 462 0 1880 400 11.20
12000 462 1 17252 4500 19.92
12000 462 2 38728 12000 23.32
12000 463 0 1531 400 11.37
12000 463 1 8156 4500 19.85
12000 463 2 24123 12000 23.28
12000 464 0 1498 400 11.40
12000 464 1 40396 4500 21.12
12000 464 2 47411 12000 23.80
12000 465 0 1152 400 11.99
12000 465 1 12014 4500 21.06
12000 465 2 21635 12000 23.55
12000 466 0 2022 400 12.35
12000 466 1 16837 4500 20.82
12000 466 2 32851 12000 23.64
12000 467 0 2829 400 11.63
12000 467 1 28463 4500 20.07
12000 467 2 50913 12000 23.50
12000 468 0 1601 400 11.43
12000 468 1 17040 4500 19.51
12000 468 2 32201 12000 22.69
12000 469 0 1249 400 11.94
12000 469 1 10439 4500 19.69
12000 469 2 18878 12000 22.71
12000 470 0 1365 400 11.77
12000 470 1 12748 4500 19.67
12000 470 2 34533 12000 23.22
12000 471 0 1207 400 11.45
12000 471 1 14546 4500 19.55
12000 471 2 26362 12000 22.97
12000 472 0 1802 400 11.41
12000 472 1 25580 4500 19.64
12000 472 2 48577 12000 23.22
12000 473 0 979 400 11.39
12000 473 1 5593 4500 19.55
12000 473 2 11314 12000 22.85
12000 474 0 1503 400 11.58
12000 474 1 22745 4500 19.73
12000 474 2 41414 12000 23.33
12000 475 0 1904 400 11.70
12000 475 1 8593 4500 19.69
12000 475 2 18179 12000 23.11
12000 476 0 1307 400 11.70
12000 476 1 13724 4500 19.62
12000 476 2 32619 12000 23.23
12000 477 0 2050 400 11.99
12000 477 1 15133 4500 19.87
12000 477 2 28314 12000 23.20
12000 478 0 3718 400 12.54
12000 478 1 26751 4500 20.80
12000 478 2 33159 12000 23.53
12000 479 0 3908 400 12.47
12000 479 1 24052 4500 20.19
12000 479 2 39079 12000 23.33
12000 480 0 2973 400 12.00
12000 480 1 30149 4500 19.92
12000 480 2 42846 12000 23.83
12000 481 0 1254 400 12.36
12000 481 1 6942 4500 19.80
12000 481 2 14512 12000 23.24
12000 482 0 2042 400 12.28
12000 482 1 15799 4500 19.69
12000 482 2 33196 12000 23.15
12000 483 0 1004 400 12.29
12000 483 1 7968 4500 19.73
12000 483 2 22321 12000 23.10
12000 484 0 1588 400 11.85
12000 484 1 30042 4500 20.26
12000 484 2 48282 12000 23.68
12000 485 0 1112 400 11.78
12000 485 1 7552 4500 20.15
12000 485 2 14564 12000 23.23
12000 486 0 1655 400 11.93
12000 486 1 14157 4500 20.10
12000 486 2 37808 12000 23.57
12000 487 0 1520 400 12.02
12000 487 1 13006 4500 20.10
12000 487 2 28231 12000 23.36
12000 488 0 1286 400 11.68
12000 488 1 27797 4500 20.32
12000 488 2 48407 12000 23.57
12000 489 0 1191 400 11.87
12000 489 1 4368 4500 20.25
12000 489 2 7879 12000 23.17
12000 490 0 1551 400 11.56
12000 490 1 16902 4500 20.24
12000 490 2 35666 12000 23.48
12000 491 0 1139 400 11.57
12000 491 1 8099 4500 20.18
12000 491 2 22259 12000 23.44
12000 492 0 2480 400 11.86
12000 492 1 37918 4500 21.16
12000 492 2 55710 12000 24.35
12000 493 0 1688 400 12.24
12000 493 1 14631 4500 20.98
12000 493 2 20585 12000 23.78
12000 494 0 2340 400 11.68
12000 494 1 33992 4500 20.63
12000 494 2 47626 12000 23.76
12000 495 0 1280 400 11.96
12000 495 1 8849 4500 20.57
12000 495 2 21128 12000 23.56
12000 496 0 1568 400 11.66
12000 496 1 23302 4500 19.97
12000 496 2 46032 12000 23.45
12000 497 0 1296 400 11.88
12000 497 1 9169 4500 19.92
12000 497 2 23351 12000 23.26
12000 498 0 1288 400 11.77
12000 498 1 12045 4500 19.81
12000 498 2 27091 12000 23.13
12000 499 0 1507 400 11.87
12000 499 1 10861 4500 19.90
12000 499 2 28375 12000 23.28
12000 500 0 7821 400 11.17
12000 500 1 52218 4500 20.38
12000 500 2 51936 12000 23.34
12000 501 0 1040 400 11.34
12000 501 1 4593 4500 20.19
12000 501 2 8427 12000 22.86
12000 502 0 2109 400 11.49
12000 502 1 13969 4500 20.17
12000 502 2 34086 12000 23.15
12000 503 0 1006 400 11.74
12000 503 1 11903 4500 20.40
12000 503 2 24914 12000 23.35
12000 504 0 2069 400 11.02
12000 504 1 42067 4500 20.94
12000 504 2 55646 12000 24.55
12000 505 0 770 400 11.08
12000 505 1 4985 4500 20.73
12000 505 2 9738 12000 23.68
12000 506 0 3319 400 11.77
12000 506 1 24511 4500 20.67
12000 506 2 41752 12000 23.82
12000 507 0 2359 400 11.50
12000 507 1 22145 4500 20.09
12000 507 2 44106 12000 23.60
12000 508 0 848 400 11.49
12000 508 1 14079 4500 19.84
12000 508 2 29050 12000 23.10
12000 509 0 1849 400 11.25
12000 509 1 16424 4500 19.68
12000 509 2 31073 12000 22.94
12000 510 0 899 400 11.24
12000 510 1 13320 4500 19.58
12000 510 2 30199 12000 22.90
12000 511 0 1355 400 11.25
12000 511 1 12638 4500 19.57
12000 511 2 27929 12000 22.85
12000 512 0 1759 400 11.08
12000 512 1 32819 4500 19.20
12000 512 2 61531 12000 23.91
12000 513 0 830 400 11.12
12000 513 1 4746 4500 19.22
12000 513 2 6605 12000 23.29
12000 514 0 1192 400 11.17
12000 514 1 9778 4500 19.32
12000 514 2 28447 12000 23.29
12000 515 0 1471 400 11.45
12000 515 1 13546 4500 19.73
12000 515 2 24141 12000 23.24
12000 516 0 1324 400 11.36
12000 516 1 23886 4500 20.08
12000 516 2 53526 12000 23.89
12000 517 0 1810 400 11.56
12000 517 1 11677 4500 20.03
12000 517 2 16694 12000 23.21
12000 518 0 814 400 11.75
12000 518 1 13606 4500 20.21
12000 518 2 30809 12000 23.47
12000 519 0 1440 400 11.86
12000 519 1 15660 4500 20.27
12000 519 2 28325 12000 23.44
12000 520 0 1864 400 11.69
12000 520 1 29221 4500 20.25
12000 520 2 43200 12000 23.30
12000 521 0 2484 400 11.89
12000 521 1 16863 4500 20.43
12000 521 2 25880 12000 23.14
12000 522 0 3008 400 11.27
12000 522 1 33674 4500 19.94
12000 522 2 44617 12000 23.16
12000 523 0 1127 400 11.91
12000 523 1 9746 4500 19.77
12000 523 2 25488 12000 23.10
12000 524 0 924 400 12.53
12000 524 1 12185 4500 20.47
12000 524 2 21074 12000 24.21
12000 525 0 2167 400 11.92
12000 525 1 19509 4500 20.25
12000 525 2 38679 12000 24.16
12000 526 0 863 400 11.53
12000 526 1 11962 4500 19.60
12000 526 2 29181 12000 23.31
12000 527 0 1642 400 11.55
12000 527 1 9470 4500 19.54
12000 527 2 21886 12000 23.03
12000 528 0 1171 400 11.27
12000 528 1 26060 4500 19.54
12000 528 2 48612 12000 23.18
12000 529 0 1326 400 11.38
12000 529 1 6555 4500 19.45
12000 529 2 13401 12000 22.78
12000 530 0 1193 400 11.41
12000 530 1 9303 4500 19.47
12000 530 2 26218 12000 22.94
12000 531 0 1462 400 11.78
12000 531 1 13639 4500 19.87
12000 531 2 31534 12000 23.42
12000 532 0 2309 400 11.59
12000 532 1 30933 4500 20.28
12000 532 2 46314 12000 23.50
12000 533 0 1262 400 11.90
12000 533 1 14694 4500 20.35
12000 533 2 17082 12000 23.09
12000 534 0 2543 400 12.02
12000 534 1 23362 4500 19.98
12000 534 2 42340 12000 23.38
12000 535 0 1568 400 12.21
12000 535 1 14694 4500 20.18
12000 535 2 25175 12000 23.34
12000 536 0 1799 400 12.11
12000 536 1 22339 4500 19.57
12000 536 2 41008 12000 23.11
12000 537 0 1561 400 11.93
12000 537 1 11372 4500 19.30
12000 537 2 27057 12000 22.75
12000 538 0 1235 400 11.71
12000 538 1 13710 4500 19.26
12000 538 2 27743 12000 22.57
12000 539 0 1120 400 11.62
12000 539 1 12437 4500 19.24
12000 539 2 26062 12000 22.48
12000 540 0 2140 400 11.22
12000 540 1 24381 4500 19.22
12000 540 2 45632 12000 22.58
12000 541 0 715 400 11.28
12000 541 1 4576 4500 19.19
12000 541 2 8535 12000 22.31
12000 542 0 1704 400 11.49
12000 542 1 21626 4500 19.33
12000 542 2 43460 12000 22.87
12000 543 0 1229 400 11.62
12000 543 1 8512 4500 19.38
12000 543 2 15860 12000 22.71
12000 544 0 1633 400 11.78
12000 544 1 25044 4500 19.76
12000 544 2 36597 12000 22.73
12000 545 0 1329 400 11.76
12000 545 1 9808 4500 19.58
12000 545 2 21458 12000 22.58
12000 546 0 1412 400 11.81
12000 546 1 11068 4500 19.58
12000 546 2 35284 12000 23.12
12000 547 0 1994 400 12.09
12000 547 1 17867 4500 19.93
12000 547 2 27324 12000 23.03
12000 548 0 1557 400 12.26
12000 548 1 23624 4500 20.56
12000 548 2 33570 12000 23.43
12000 549 0 1656 400 12.32
12000 549 1 15665 4500 20.22
12000 549 2 25795 12000 23.06
12000 550 0 1509 400 12.06
12000 550 1 18042 4500 20.05
12000 550 2 36056 12000 23.19
12000 551 0 1619 400 12.07
12000 551 1 14675 4500 19.96
12000 551 2 28610 12000 23.01
12000 552 0 1799 400 11.56
12000 552 1 33549 4500 20.66
12000 552 2 44072 12000 23.91
12000 553 0 907 400 11.66
12000 553 1 3904 4500 20.50
12000 553 2 8903 12000 23.35
12000 554 0 1370 400 11.58
12000 554 1 14649 4500 20.34
12000 554 2 30421 12000 23.25
12000 555 0 1414 400 12.02
12000 555 1 12235 4500 20.25
12000 555 2 27540 12000 23.26
12000 556 0 2106 400 12.09
12000 556 1 23981 4500 20.54
12000 556 2 46805 12000 23.87
12000 557 0 1439 400 12.20
12000 557 1 9968 4500 20.42
12000 557 2 18076 12000 23.39
12000 558 0 1426 400 12.07
12000 558 1 17652 4500 20.39
12000 558 2 42335 12000 23.80
12000 559 0 1607 400 12.17
12000 559 1 13305 4500 20.39
12000 559 2 22522 12000 23.40
12000 560 0 1585 400 12.26
12000 560 1 31085 4500 20.54
12000 560 2 43063 12000 23.49
12000 561 0 2046 400 12.36
12000 561 1 13396 4500 20.82
12000 561 2 27731 12000 23.51
12000 562 0 1984 400 12.65
12000 562 1 23296 4500 20.94
12000 562 2 36036 12000 23.75
12000 563 0 1322 400 12.57
12000 563 1 9814 4500 20.74
12000 563 2 21899 12000 23.43
12000 564 0 2313 400 12.29
12000 564 1 26368 4500 20.65
12000 564 2 38472 12000 23.36
12000 565 0 2049 400 12.44
12000 565 1 20576 4500 19.98
12000 565 2 38104 12000 23.09
12000 566 0 1384 400 12.38
12000 566 1 11920 4500 19.82
12000 566 2 24627 12000 22.86
12000 567 0 2178 400 12.02
12000 567 1 17026 4500 19.78
12000 567 2 37757 12000 23.06
12000 568 0 1236 400 11.64
12000 568 1 22313 4500 19.53
12000 568 2 38240 12000 22.71
12000 569 0 1018 400 11.74
12000 569 1 4658 4500 19.46
12000 569 2 10238 12000 22.42
12000 570 0 1688 400 11.81
12000 570 1 9818 4500 19.39
12000 570 2 24451 12000 22.51
12000 571 0 1331 400 11.88
12000 571 1 15130 4500 19.91
12000 571 2 20249 12000 22.46
12000 572 0 2645 400 11.76
12000 572 1 35760 4500 21.09
12000 572 2 59027 12000 24.41
12000 573 0 985 400 11.99
12000 573 1 6747 4500 20.93
12000 573 2 13298 12000 23.78
12000 574 0 1532 400 12.12
12000 574 1 16725 4500 20.76
12000 574 2 40490 12000 24.07
12000 575 0 1716 400 12.10
12000 575 1 14953 4500 20.55
12000 575 2 27145 12000 23.56
12000 576 0 2713 400 12.07
12000 576 1 33181 4500 21.17
12000 576 2 41473 12000 24.53
12000 577 0 3335 400 12.04
12000 577 1 22997 4500 19.87
12000 577 2 41593 12000 23.39
12000 578 0 1873 400 12.17
12000 578 1 15423 4500 19.68
12000 578 2 31486 12000 22.96
12000 579 0 1645 400 12.24
12000 579 1 12561 4500 19.57
12000 579 2 26559 12000 22.74
12000 580 0 1319 400 11.66
12000 580 1 18065 4500 19.35
12000 580 2 36744 12000 22.76
12000 581 0 1513 400 11.43
12000 581 1 11833 4500 19.20
12000 581 2 24909 12000 22.53
12000 582 0 1324 400 11.15
12000 582 1 18221 4500 18.70
12000 582 2 44687 12000 22.86
12000 583 0 850 400 11.26
12000 583 1 4362 4500 18.71
12000 583 2 9072 12000 22.56
12000 584 0 1946 400 11.41
12000 584 1 15121 4500 18.37
12000 584 2 38972 12000 22.61
12000 585 0 853 400 11.44
12000 585 1 6339 4500 18.36
12000 585 2 17328 12000 22.42
12000 586 0 1283 400 11.67
12000 586 1 17344 4500 19.28
12000 586 2 42641 12000 23.35
12000 587 0 2166 400 12.13
12000 587 1 15070 4500 19.49
12000 587 2 24916 12000 22.92
12000 588 0 1898 400 11.87
12000 588 1 27901 4500 19.97
12000 588 2 37622 12000 23.02
12000 589 0 2636 400 11.86
12000 589 1 18890 4500 20.08
12000 589 2 30757 12000 23.04
12000 590 0 2085 400 11.41
12000 590 1 22485 4500 19.72
12000 590 2 33851 12000 22.81
12000 591 0 776 400 11.49
12000 591 1 7276 4500 19.63
12000 591 2 16600 12000 22.66
12000 592 0 2062 400 10.84
12000 592 1 28672 4500 19.57
12000 592 2 42657 12000 22.97
12000 593 0 642 400 10.95
12000 593 1 4453 4500 19.49
12000 593 2 11745 12000 22.71
12000 594 0 935 400 10.90
12000 594 1 10715 4500 19.30
12000 594 2 27122 12000 22.62
12000 595 0 1781 400 11.35
12000 595 1 15850 4500 19.86
12000 595 2 21907 12000 22.73
12000 596 0 1091 400 11.47
12000 596 1 21686 4500 20.03
12000 596 2 53180 12000 23.86
12000 597 0 1484 400 11.51
12000 597 1 11679 4500 19.88
12000 597 2 18215 12000 23.17
12000 598 0 1107 400 11.81
12000 598 1 14194 4500 20.00
12000 598 2 36736 12000 23.55
12000 599 0 2700 400 11.90
12000 599 1 19745 4500 20.13
12000 599 2 29542 12000 23.32
12000 600 0 7237 400 11.12
12000 600 1 52909 4500 20.62
12000 600 2 52544 12000 24.12
12000 601 0 1248 400 11.65
12000 601 1 10562 4500 20.45
12000 601 2 17426 12000 23.31
12000 602 0 2281 400 11.83
12000 602 1 19410 4500 19.43
12000 602 2 44757 12000 23.66
12000 603 0 1433 400 11.55
12000 603 1 14524 4500 19.31
12000 603 2 24824 12000 23.04
12000 604 0 1372 400 11.44
12000 604 1 15715 4500 19.07
12000 604 2 35454 12000 22.92
12000 605 0 1173 400 11.75
12000 605 1 12393 4500 18.95
12000 605 2 27661 12000 22.76
12000 606 0 1651 400 11.60
12000 606 1 15945 4500 19.03
12000 606 2 32200 12000 22.78
12000 607 0 1806 400 11.40
12000 607 1 14720 4500 18.93
12000 607 2 30121 12000 22.57
12000 608 0 929 400 10.93
12000 608 1 23879 4500 19.12
12000 608 2 44854 12000 23.12
12000 609 0 828 400 11.18
12000 609 1 4125 4500 19.10
12000 609 2 9161 12000 22.74
12000 610 0 1830 400 11.56
12000 610 1 6441 4500 19.02
12000 610 2 20223 12000 22.77
12000 611 0 1089 400 11.54
12000 611 1 13178 4500 19.55
12000 611 2 49541 12000 24.03
12000 612 0 2051 400 11.13
12000 612 1 35119 4500 20.55
12000 612 2 41962 12000 24.07
12000 613 0 732 400 11.41
12000 613 1 5371 4500 20.41
12000 613 2 12639 12000 23.40
12000 614 0 1163 400 11.78
12000 614 1 13658 4500 20.35
12000 614 2 27628 12000 23.33
12000 615 0 3101 400 11.94
12000 615 1 23523 4500 20.56
12000 615 2 30054 12000 23.21
12000 616 0 2143 400 12.12
12000 616 1 27925 4500 20.39
12000 616 2 49444 12000 23.68
12000 617 0 1545 400 12.06
12000 617 1 13317 4500 20.15
12000 617 2 26416 12000 23.27
12000 618 0 767 400 12.28
12000 618 1 11315 4500 20.02
12000 618 2 24601 12000 23.06
12000 619 0 1737 400 12.24
12000 619 1 11352 4500 19.97
12000 619 2 27152 12000 23.14
12000 620 0 1060 400 12.38
12000 620 1 17650 4500 20.16
12000 620 2 30274 12000 23.15
12000 621 0 1671 400 12.27
12000 621 1 13779 4500 20.04
12000 621 2 28954 12000 23.21
12000 622 0 1386 400 11.90
12000 622 1 28135 4500 20.57
12000 622 2 42139 12000 23.68
12000 623 0 1644 400 11.93
12000 623 1 10357 4500 20.33
12000 623 2 18461 12000 23.18
12000 624 0 1414 400 11.19
12000 624 1 32513 4500 20.30
12000 624 2 48389 12000 23.82
12000 625 0 1258 400 11.33
12000 625 1 5793 4500 20.16
12000 625 2 13158 12000 23.24
12000 626 0 714 400 11.38
12000 626 1 9097 4500 20.10
12000 626 2 27310 12000 23.33
12000 627 0 2361 400 11.72
12000 627 1 13842 4500 20.29
12000 627 2 45398 12000 24.18
12000 628 0 1105 400 11.84
12000 628 1 24586 4500 20.68
12000 628 2 26351 12000 23.48
12000 629 0 2214 400 12.47
12000 629 1 20568 4500 20.94
12000 629 2 32584 12000 23.69
12000 630 0 2033 400 11.83
12000 630 1 25193 4500 20.59
12000 630 2 32716 12000 23.44